0 info it worked if it ends with ok
1 verbose cli [ 'node', '/usr/local/bin/npm', 'start' ]
2 info using npm@3.9.5
3 info using node@v0.12.4
4 verbose run-script [ 'prestart', 'start', 'poststart' ]
5 info lifecycle angular-seed@0.0.0~prestart: angular-seed@0.0.0
6 silly lifecycle angular-seed@0.0.0~prestart: no script for prestart, continuing
7 info lifecycle angular-seed@0.0.0~start: angular-seed@0.0.0
8 verbose lifecycle angular-seed@0.0.0~start: unsafe-perm in lifecycle true
9 verbose lifecycle angular-seed@0.0.0~start: PATH: /usr/local/lib/node_modules/npm/bin/node-gyp-bin:/Users/EricX/Desktop/Coding/monster-masher/node_modules/.bin:/usr/local/bin:/usr/local/bin:/usr/bin:/bin:/usr/sbin:/sbin:/usr/local/git/bin:/usr/local/mysql/bin
10 verbose lifecycle angular-seed@0.0.0~start: CWD: /Users/EricX/Desktop/Coding/monster-masher
11 silly lifecycle angular-seed@0.0.0~start: Args: [ '-c', 'http-server -a localhost -p 8000 -c-1 ./app' ]
12 silly lifecycle angular-seed@0.0.0~start: Returned: code: 1  signal: null
13 info lifecycle angular-seed@0.0.0~start: Failed to exec start script
14 verbose stack Error: angular-seed@0.0.0 start: `http-server -a localhost -p 8000 -c-1 ./app`
14 verbose stack Exit status 1
14 verbose stack     at EventEmitter.<anonymous> (/usr/local/lib/node_modules/npm/lib/utils/lifecycle.js:245:16)
14 verbose stack     at EventEmitter.emit (events.js:110:17)
14 verbose stack     at ChildProcess.<anonymous> (/usr/local/lib/node_modules/npm/lib/utils/spawn.js:24:14)
14 verbose stack     at ChildProcess.emit (events.js:110:17)
14 verbose stack     at maybeClose (child_process.js:1015:16)
14 verbose stack     at Process.ChildProcess._handle.onexit (child_process.js:1087:5)
15 verbose pkgid angular-seed@0.0.0
16 verbose cwd /Users/EricX/Desktop/Coding/monster-masher
17 error Darwin 14.5.0
18 error argv "node" "/usr/local/bin/npm" "start"
19 error node v0.12.4
20 error npm  v3.9.5
21 error code ELIFECYCLE
22 error angular-seed@0.0.0 start: `http-server -a localhost -p 8000 -c-1 ./app`
22 error Exit status 1
23 error Failed at the angular-seed@0.0.0 start script 'http-server -a localhost -p 8000 -c-1 ./app'.
23 error Make sure you have the latest version of node.js and npm installed.
23 error If you do, this is most likely a problem with the angular-seed package,
23 error not with npm itself.
23 error Tell the author that this fails on your system:
23 error     http-server -a localhost -p 8000 -c-1 ./app
23 error You can get information on how to open an issue for this project with:
23 error     npm bugs angular-seed
23 error Or if that isn't available, you can get their info via:
23 error     npm owner ls angular-seed
23 error There is likely additional logging output above.
24 verbose exit [ 1, true ]
